<?xml version="1.0" encoding="UTF-8"?>
<testng-results ignored="0" total="2" passed="2" failed="0" skipped="0">
  <reporter-output>
  </reporter-output>
  <suite started-at="2024-03-14T13:25:30 IST" name="Suite" finished-at="2024-03-14T13:27:40 IST" duration-ms="129558">
    <groups>
    </groups>
    <test started-at="2024-03-14T13:25:30 IST" name="Test" finished-at="2024-03-14T13:27:40 IST" duration-ms="129558">
      <class name="tests.EcartTest_IPhone">
        <test-method is-config="true" signature="openApplication()[pri:0, instance:tests.EcartTest_IPhone@7d1cfb8b]" started-at="2024-03-14T13:25:30 IST" name="openApplication" finished-at="2024-03-14T13:26:10 IST" duration-ms="39309" status="PASS">
          <reporter-output>
          </reporter-output>
        </test-method> <!-- openApplication -->
        <test-method signature="submitOrder()[pri:0, instance:tests.EcartTest_IPhone@7d1cfb8b]" started-at="2024-03-14T13:26:10 IST" name="submitOrder" finished-at="2024-03-14T13:26:44 IST" duration-ms="33994" status="PASS">
          <reporter-output>
          </reporter-output>
        </test-method> <!-- submitOrder -->
        <test-method is-config="true" signature="closure()[pri:0, instance:tests.EcartTest_IPhone@7d1cfb8b]" started-at="2024-03-14T13:26:44 IST" name="closure" finished-at="2024-03-14T13:26:45 IST" duration-ms="1079" status="PASS">
          <reporter-output>
          </reporter-output>
        </test-method> <!-- closure -->
      </class> <!-- tests.EcartTest_IPhone -->
      <class name="tests.EcartTest_ZaraCoat_3">
        <test-method is-config="true" signature="openApplication()[pri:0, instance:tests.EcartTest_ZaraCoat_3@5143c662]" started-at="2024-03-14T13:26:45 IST" name="openApplication" finished-at="2024-03-14T13:27:06 IST" duration-ms="20615" status="PASS">
          <reporter-output>
          </reporter-output>
        </test-method> <!-- openApplication -->
        <test-method signature="submitOrder()[pri:0, instance:tests.EcartTest_ZaraCoat_3@5143c662]" started-at="2024-03-14T13:27:06 IST" name="submitOrder" finished-at="2024-03-14T13:27:39 IST" duration-ms="33895" status="PASS">
          <reporter-output>
          </reporter-output>
        </test-method> <!-- submitOrder -->
        <test-method is-config="true" signature="closure()[pri:0, instance:tests.EcartTest_ZaraCoat_3@5143c662]" started-at="2024-03-14T13:27:39 IST" name="closure" finished-at="2024-03-14T13:27:40 IST" duration-ms="442" status="PASS">
          <reporter-output>
          </reporter-output>
        </test-method> <!-- closure -->
      </class> <!-- tests.EcartTest_ZaraCoat_3 -->
    </test> <!-- Test -->
  </suite> <!-- Suite -->
</testng-results>
